0 info it worked if it ends with ok
1 verbose cli [
1 verbose cli   '/usr/local/bin/node',
1 verbose cli   '/usr/bin/npm',
1 verbose cli   'install',
1 verbose cli   '-g',
1 verbose cli   'npm@latest'
1 verbose cli ]
2 info using npm@3.10.10
3 info using node@v12.18.3
4 silly loadCurrentTree Starting
5 silly install loadCurrentTree
6 silly install readGlobalPackageData
7 silly fetchPackageMetaData npm@latest
8 silly fetchNamedPackageData npm
9 silly mapToRegistry name npm
10 silly mapToRegistry using default registry
11 silly mapToRegistry registry https://registry.npmjs.org/
12 silly mapToRegistry data Result {
12 silly mapToRegistry   raw: 'npm',
12 silly mapToRegistry   scope: null,
12 silly mapToRegistry   escapedName: 'npm',
12 silly mapToRegistry   name: 'npm',
12 silly mapToRegistry   rawSpec: '',
12 silly mapToRegistry   spec: 'latest',
12 silly mapToRegistry   type: 'tag'
12 silly mapToRegistry }
13 silly mapToRegistry uri https://registry.npmjs.org/npm
14 verbose request uri https://registry.npmjs.org/npm
15 verbose request no auth needed
16 info attempt registry request try #1 at 2:40:05 PM
17 verbose request id 3c763129139f230b
18 http request GET https://registry.npmjs.org/npm
19 http 200 https://registry.npmjs.org/npm
20 verbose headers {
20 verbose headers   date: 'Sun, 16 Aug 2020 14:40:05 GMT',
20 verbose headers   'content-type': 'application/json',
20 verbose headers   'transfer-encoding': 'chunked',
20 verbose headers   connection: 'keep-alive',
20 verbose headers   'set-cookie': [
20 verbose headers     '__cfduid=d5422aeeac040dd5e70c1e6115cf45d171597588805; expires=Tue, 15-Sep-20 14:40:05 GMT; path=/; domain=.npmjs.org; HttpOnly; SameSite=Lax'
20 verbose headers   ],
20 verbose headers   'cf-ray': '5c3be890ef2edd16-SIN',
20 verbose headers   age: '6573',
20 verbose headers   'cache-control': 'public, max-age=300',
20 verbose headers   etag: 'W/"9065254df5277d0d0695b3e7cb91207a"',
20 verbose headers   'last-modified': 'Tue, 11 Aug 2020 16:08:25 GMT',
20 verbose headers   vary: 'accept-encoding, accept',
20 verbose headers   'cf-cache-status': 'HIT',
20 verbose headers   'cf-request-id': '04994fae8c0000dd16b3992200000001',
20 verbose headers   'expect-ct': 'max-age=604800, report-uri="https://report-uri.cloudflare.com/cdn-cgi/beacon/expect-ct"',
20 verbose headers   server: 'cloudflare',
20 verbose headers   'content-encoding': 'gzip'
20 verbose headers }
21 silly get cb [
21 silly get   200,
21 silly get   {
21 silly get     date: 'Sun, 16 Aug 2020 14:40:05 GMT',
21 silly get     'content-type': 'application/json',
21 silly get     'transfer-encoding': 'chunked',
21 silly get     connection: 'keep-alive',
21 silly get     'set-cookie': [
21 silly get       '__cfduid=d5422aeeac040dd5e70c1e6115cf45d171597588805; expires=Tue, 15-Sep-20 14:40:05 GMT; path=/; domain=.npmjs.org; HttpOnly; SameSite=Lax'
21 silly get     ],
21 silly get     'cf-ray': '5c3be890ef2edd16-SIN',
21 silly get     age: '6573',
21 silly get     'cache-control': 'public, max-age=300',
21 silly get     etag: 'W/"9065254df5277d0d0695b3e7cb91207a"',
21 silly get     'last-modified': 'Tue, 11 Aug 2020 16:08:25 GMT',
21 silly get     vary: 'accept-encoding, accept',
21 silly get     'cf-cache-status': 'HIT',
21 silly get     'cf-request-id': '04994fae8c0000dd16b3992200000001',
21 silly get     'expect-ct': 'max-age=604800, report-uri="https://report-uri.cloudflare.com/cdn-cgi/beacon/expect-ct"',
21 silly get     server: 'cloudflare',
21 silly get     'content-encoding': 'gzip'
21 silly get   }
21 silly get ]
22 verbose get saving npm to /root/.npm/registry.npmjs.org/npm/.cache.json
23 verbose correctMkdir /root/.npm correctMkdir not in flight; initializing
24 verbose makeDirectory /root/.npm creation not in flight; initializing
25 silly makeDirectory /root/.npm uid: 0 gid: 0
26 verbose stack TypeError: cb.apply is not a function
26 verbose stack     at /usr/lib/node_modules/npm/node_modules.bundled/graceful-fs/polyfills.js:267:18
26 verbose stack     at FSReqCallback.oncomplete (fs.js:169:5)
27 verbose cwd /usr/share/nginx/craft/depotise
28 error Linux 5.1.11-x86_64-linode127
29 error argv "/usr/local/bin/node" "/usr/bin/npm" "install" "-g" "npm@latest"
30 error node v12.18.3
31 error npm  v3.10.10
32 error cb.apply is not a function
33 error If you need help, you may report this error at:
33 error     <https://github.com/npm/npm/issues>
34 verbose exit [ 1, true ]
